<?xml version="1.0" encoding="UTF-8"?>
<!-- Generated by org.testng.reporters.JUnitXMLReporter -->
<testsuite ignored="2" hostname="LCO-2ZKW4M3" failures="1" tests="5" name="Car loan" time="0.021" errors="0" timestamp="2023-11-01T21:47:17 COT">
  <testcase classname="Seccion16.day3" name="MobileLogincarLoan" time="0.001"/>
  <testcase classname="Seccion16.day3" name="MobilesignoutcarLoan" time="0.001"/>
  <testcase classname="Seccion16.day3" name="MobilesignoutcarLoan" time="0.001"/>
  <testcase classname="Seccion16.day3" name="MobilesignoutcarLoan" time="0.002"/>
  <testcase classname="Seccion16.day3" name="WebloginCarLoan" time="0.0">
    <failure type="org.testng.TestNGException" message="
Parameter &amp;apos;URL&amp;apos; is required by @Test on method WebloginCarLoan but has not been marked @Optional or defined
in C:\Users\KURREGO\eclipse-workspace\Seccion16\testng3.xml">
      <![CDATA[org.testng.TestNGException: 
Parameter 'URL' is required by @Test on method WebloginCarLoan but has not been marked @Optional or defined
in C:\Users\KURREGO\eclipse-workspace\Seccion16\testng3.xml
at java.base/java.util.ArrayList.forEach(ArrayList.java:1511)
... Removed 26 stack frames]]>
    </failure>
  </testcase> <!-- WebloginCarLoan -->
  <testcase classname="Seccion16.day3" name="MobilesignimcarLoan" time="0.0">
    <ignored/>
  </testcase> <!-- MobilesignimcarLoan -->
  <testcase classname="Seccion16.day3" name="APIcarLoan" time="0.0">
    <ignored/>
  </testcase> <!-- APIcarLoan -->
</testsuite> <!-- Car loan -->
