<?xml version="1.0" encoding="UTF-8"?>
<!-- Generated by org.testng.reporters.JUnitXMLReporter -->
<testsuite ignored="1" hostname="LCO-2ZKW4M3" failures="2" tests="5" name="Personal Loan" time="0.107" errors="0" timestamp="2023-11-01T21:37:26 COT">
  <testcase classname="Seccion16.day1" name="Demo" time="0.03">
    <failure type="java.lang.AssertionError" message="expected [true] but found [false]">
      <![CDATA[java.lang.AssertionError: expected [true] but found [false]
at Seccion16.day1.Demo(day1.java:22)
at java.base/java.util.ArrayList.forEach(ArrayList.java:1511)
... Removed 31 stack frames]]>
    </failure>
  </testcase> <!-- Demo -->
  <testcase classname="Seccion16.day2" name="ploan" time="0.002"/>
  <testcase classname="Seccion16.day4" name="LoginAPIHomeLoan" time="0.001"/>
  <testcase classname="Seccion16.day4" name="MobileLoginHomeLoan" time="0.002"/>
  <testcase classname="Seccion16.day4" name="WebloginHomeLoan" time="0.0">
    <failure type="org.testng.TestNGException" message="
Parameter &amp;apos;URL&amp;apos; is required by @Test on method WebloginHomeLoan but has not been marked @Optional or defined
in C:\Users\KURREGO\eclipse-workspace\Seccion16\testng4.xml">
      <![CDATA[org.testng.TestNGException: 
Parameter 'URL' is required by @Test on method WebloginHomeLoan but has not been marked @Optional or defined
in C:\Users\KURREGO\eclipse-workspace\Seccion16\testng4.xml
at java.base/java.util.ArrayList.forEach(ArrayList.java:1511)
... Removed 26 stack frames]]>
    </failure>
  </testcase> <!-- WebloginHomeLoan -->
  <testcase classname="Seccion16.day1" name="SecondTest" time="0.0">
    <ignored/>
  </testcase> <!-- SecondTest -->
</testsuite> <!-- Personal Loan -->
